# JRE version: OpenJDK Runtime Environment (8.0_252-b09) (build 1.8.0_252-b09)
# Java VM: OpenJDK 64-Bit Server VM (25.252-b09 mixed mode linux-amd64 compressed oops)
Heap:
 PSYoungGen      total 525824K, used 268175K [0x0000000780000000, 0x00000007b0500000, 0x00000007c0000000)
  eden space 342528K, 76% used [0x0000000780000000,0x000000078fe925d0,0x0000000794e80000)
  from space 183296K, 4% used [0x0000000794e80000,0x00000007955d1a10,0x00000007a0180000)
  to   space 182784K, 0% used [0x00000007a5280000,0x00000007a5280000,0x00000007b0500000)
 ParOldGen       total 583168K, used 230714K [0x0000000700000000, 0x0000000723980000, 0x0000000780000000)
  object space 583168K, 39% used [0x0000000700000000,0x000000070e14e888,0x0000000723980000)
 Metaspace       used 151030K, capacity 169798K, committed 169804K, reserved 1198080K
  class space    used 20263K, capacity 21323K, committed 21324K, reserved 1048576K
GC Heap History (10 events):
Event: 120.911 GC heap before
{Heap before GC invocations=22 (full 4):
 PSYoungGen      total 393728K, used 391669K [0x0000000780000000, 0x00000007a3a80000, 0x00000007c0000000)
  eden space 284160K, 100% used [0x0000000780000000,0x0000000791580000,0x0000000791580000)
  from space 109568K, 98% used [0x0000000791580000,0x0000000797e7d7c8,0x0000000798080000)
  to   space 126464K, 0% used [0x000000079bf00000,0x000000079bf00000,0x00000007a3a80000)
 ParOldGen       total 347648K, used 137548K [0x0000000700000000, 0x0000000715380000, 0x0000000780000000)
  object space 347648K, 39% used [0x0000000700000000,0x00000007086530e0,0x0000000715380000)
 Metaspace       used 139208K, capacity 156554K, committed 156620K, reserved 1185792K
  class space    used 18860K, capacity 19853K, committed 19916K, reserved 1048576K
Event: 121.003 GC heap after
Heap after GC invocations=22 (full 4):
 PSYoungGen      total 439296K, used 119786K [0x0000000780000000, 0x00000007a5900000, 0x00000007c0000000)
  eden space 312832K, 0% used [0x0000000780000000,0x0000000780000000,0x0000000793180000)
  from space 126464K, 94% used [0x000000079bf00000,0x00000007a33faab0,0x00000007a3a80000)
  to   space 144896K, 0% used [0x0000000793180000,0x0000000793180000,0x000000079bf00000)
 ParOldGen       total 347648K, used 137572K [0x0000000700000000, 0x0000000715380000, 0x0000000780000000)
  object space 347648K, 39% used [0x0000000700000000,0x00000007086590e0,0x0000000715380000)
 Metaspace       used 139208K, capacity 156554K, committed 156620K, reserved 1185792K
  class space    used 18860K, capacity 19853K, committed 19916K, reserved 1048576K
}
Event: 127.496 GC heap before
{Heap before GC invocations=23 (full 4):
 PSYoungGen      total 439296K, used 432618K [0x0000000780000000, 0x00000007a5900000, 0x00000007c0000000)
  eden space 312832K, 100% used [0x0000000780000000,0x0000000793180000,0x0000000793180000)
  from space 126464K, 94% used [0x000000079bf00000,0x00000007a33faab0,0x00000007a3a80000)
  to   space 144896K, 0% used [0x0000000793180000,0x0000000793180000,0x000000079bf00000)
 ParOldGen       total 347648K, used 137572K [0x0000000700000000, 0x0000000715380000, 0x0000000780000000)
  object space 347648K, 39% used [0x0000000700000000,0x00000007086590e0,0x0000000715380000)
 Metaspace       used 143856K, capacity 162022K, committed 162252K, reserved 1191936K
  class space    used 19372K, capacity 20398K, committed 20428K, reserved 1048576K
Event: 127.591 GC heap after
Heap after GC invocations=23 (full 4):
 PSYoungGen      total 457728K, used 137642K [0x0000000780000000, 0x00000007aa380000, 0x00000007c0000000)
  eden space 312832K, 0% used [0x0000000780000000,0x0000000780000000,0x0000000793180000)
  from space 144896K, 94% used [0x0000000793180000,0x000000079b7ea888,0x000000079bf00000)
  to   space 165888K, 0% used [0x00000007a0180000,0x00000007a0180000,0x00000007aa380000)
 ParOldGen       total 347648K, used 137588K [0x0000000700000000, 0x0000000715380000, 0x0000000780000000)
  object space 347648K, 39% used [0x0000000700000000,0x000000070865d0e0,0x0000000715380000)
 Metaspace       used 143856K, capacity 162022K, committed 162252K, reserved 1191936K
  class space    used 19372K, capacity 20398K, committed 20428K, reserved 1048576K
}
Event: 128.457 GC heap before
{Heap before GC invocations=24 (full 4):
 PSYoungGen      total 457728K, used 161518K [0x0000000780000000, 0x00000007aa380000, 0x00000007c0000000)
  eden space 312832K, 7% used [0x0000000780000000,0x0000000781751118,0x0000000793180000)
  from space 144896K, 94% used [0x0000000793180000,0x000000079b7ea888,0x000000079bf00000)
  to   space 165888K, 0% used [0x00000007a0180000,0x00000007a0180000,0x00000007aa380000)
 ParOldGen       total 347648K, used 137588K [0x0000000700000000, 0x0000000715380000, 0x0000000780000000)
  object space 347648K, 39% used [0x0000000700000000,0x000000070865d0e0,0x0000000715380000)
 Metaspace       used 145379K, capacity 163840K, committed 163968K, reserved 1191936K
  class space    used 19527K, capacity 20569K, committed 20684K, reserved 1048576K
Event: 128.555 GC heap after
Heap after GC invocations=24 (full 4):
 PSYoungGen      total 508416K, used 138569K [0x0000000780000000, 0x00000007ae480000, 0x00000007c0000000)
  eden space 342528K, 0% used [0x0000000780000000,0x0000000780000000,0x0000000794e80000)
  from space 165888K, 83% used [0x00000007a0180000,0x00000007a88d2458,0x00000007aa380000)
  to   space 183296K, 0% used [0x0000000794e80000,0x0000000794e80000,0x00000007a0180000)
 ParOldGen       total 347648K, used 137596K [0x0000000700000000, 0x0000000715380000, 0x0000000780000000)
  object space 347648K, 39% used [0x0000000700000000,0x000000070865f0e0,0x0000000715380000)
 Metaspace       used 145379K, capacity 163840K, committed 163968K, reserved 1191936K
  class space    used 19527K, capacity 20569K, committed 20684K, reserved 1048576K
}
Event: 128.555 GC heap before
{Heap before GC invocations=25 (full 5):
 PSYoungGen      total 508416K, used 138569K [0x0000000780000000, 0x00000007ae480000, 0x00000007c0000000)
  eden space 342528K, 0% used [0x0000000780000000,0x0000000780000000,0x0000000794e80000)
  from space 165888K, 83% used [0x00000007a0180000,0x00000007a88d2458,0x00000007aa380000)
  to   space 183296K, 0% used [0x0000000794e80000,0x0000000794e80000,0x00000007a0180000)
 ParOldGen       total 347648K, used 137596K [0x0000000700000000, 0x0000000715380000, 0x0000000780000000)
  object space 347648K, 39% used [0x0000000700000000,0x000000070865f0e0,0x0000000715380000)
 Metaspace       used 145379K, capacity 163840K, committed 163968K, reserved 1191936K
  class space    used 19527K, capacity 20569K, committed 20684K, reserved 1048576K
Event: 129.233 GC heap after
Heap after GC invocations=25 (full 5):
 PSYoungGen      total 508416K, used 0K [0x0000000780000000, 0x00000007ae480000, 0x00000007c0000000)
  eden space 342528K, 0% used [0x0000000780000000,0x0000000780000000,0x0000000794e80000)
  from space 165888K, 0% used [0x00000007a0180000,0x00000007a0180000,0x00000007aa380000)
  to   space 183296K, 0% used [0x0000000794e80000,0x0000000794e80000,0x00000007a0180000)
 ParOldGen       total 583168K, used 230706K [0x0000000700000000, 0x0000000723980000, 0x0000000780000000)
  object space 583168K, 39% used [0x0000000700000000,0x000000070e14c888,0x0000000723980000)
 Metaspace       used 145379K, capacity 163840K, committed 163968K, reserved 1191936K
  class space    used 19527K, capacity 20569K, committed 20684K, reserved 1048576K
}
Event: 135.421 GC heap before
{Heap before GC invocations=26 (full 5):
 PSYoungGen      total 508416K, used 342528K [0x0000000780000000, 0x00000007ae480000, 0x00000007c0000000)
  eden space 342528K, 100% used [0x0000000780000000,0x0000000794e80000,0x0000000794e80000)
  from space 165888K, 0% used [0x00000007a0180000,0x00000007a0180000,0x00000007aa380000)
  to   space 183296K, 0% used [0x0000000794e80000,0x0000000794e80000,0x00000007a0180000)
 ParOldGen       total 583168K, used 230706K [0x0000000700000000, 0x0000000723980000, 0x0000000780000000)
  object space 583168K, 39% used [0x0000000700000000,0x000000070e14c888,0x0000000723980000)
 Metaspace       used 145709K, capacity 164158K, committed 164300K, reserved 1193984K
  class space    used 19539K, capacity 20578K, committed 20684K, reserved 1048576K
Event: 135.440 GC heap after
Heap after GC invocations=26 (full 5):
 PSYoungGen      total 525824K, used 7494K [0x0000000780000000, 0x00000007b0500000, 0x00000007c0000000)
  eden space 342528K, 0% used [0x0000000780000000,0x0000000780000000,0x0000000794e80000)
  from space 183296K, 4% used [0x0000000794e80000,0x00000007955d1a10,0x00000007a0180000)
  to   space 182784K, 0% used [0x00000007a5280000,0x00000007a5280000,0x00000007b0500000)
 ParOldGen       total 583168K, used 230714K [0x0000000700000000, 0x0000000723980000, 0x0000000780000000)
  object space 583168K, 39% used [0x0000000700000000,0x000000070e14e888,0x0000000723980000)
 Metaspace       used 145709K, capacity 164158K, committed 164300K, reserved 1193984K
  class space    used 19539K, capacity 20578K, committed 20684K, reserved 1048576K
}

